<?xml version="1.0" encoding="UTF-8"?>
<!-- Generated by org.testng.reporters.JUnitReportReporter -->
<testsuite name="com.testcases.TC_01_SigninValidation" tests="1" time="25.460" ignored="0" failures="0" timestamp="25 Feb 2021 05:16:47 GMT" skipped="0" hostname="Veeras-MacBook-Pro.local" errors="0">
  <testcase name="signInValidation" time="25.460" classname="com.testcases.TC_01_SigninValidation"/>
</testsuite> <!-- com.testcases.TC_01_SigninValidation -->
